<?xml version="1.0" encoding="UTF-8"?>
<robot generator="Robot 7.0.1 (Python 3.12.4 on win32)" generated="2024-06-25T15:21:03.799311" rpa="false" schemaversion="5">
<suite id="s1" name="Tests" source="C:\QAX\Projects\Walkdog-robot\tests">
<suite id="s1-s1" name="Signup" source="C:\QAX\Projects\Walkdog-robot\tests\signup.robot">
<test id="s1-s1-t1" name="Deve poder cadastrar um novo dog walker" line="11">
<kw name="Start session" owner="base" type="SETUP">
<kw name="New Browser" owner="Browser">
<msg time="2024-06-25T15:21:06.172890" level="INFO">{"browser": "chromium", "headless": false, "chromiumSandbox": false, "devtools": false, "handleSIGHUP": true, "handleSIGINT": true, "handleSIGTERM": true, "slowMo": 0.0, "timeout": 30000.0, "tracesDir": "C:\\QAX\\Projects\\Walkdog-robot\\.logs\\browser\\traces\\8e529735-48ee-4937-a6b4-524214366cde"}</msg>
<msg time="2024-06-25T15:21:07.340732" level="INFO">Successfully created browser with options: {"browser":"chromium","headless":false,"chromiumSandbox":false,"devtools":false,"handleSIGHUP":true,"handleSIGINT":true,"handleSIGTERM":true,"slowMo":0,"timeout":30000,"tracesDir":"C:\\QAX\\Projects\\Walkdog-robot\\.logs\\browser\\traces\\8e529735-48ee-4937-a6b4-524214366cde"}</msg>
<arg>browser=${BROWSER}</arg>
<arg>headless=False</arg>
<tag>BrowserControl</tag>
<tag>Setter</tag>
<doc>Create a new playwright Browser with specified options.</doc>
<status status="PASS" start="2024-06-25T15:21:06.172890" elapsed="1.167842"/>
</kw>
<kw name="New Page" owner="Browser">
<msg time="2024-06-25T15:21:09.552952" level="INFO">Successfully initialized new page object and opened url: https://walkdog.vercel.app</msg>
<msg time="2024-06-25T15:21:09.552952" level="INFO">No context was open. New context was automatically opened when this page is created.</msg>
<arg>https://walkdog.vercel.app</arg>
<tag>BrowserControl</tag>
<tag>Setter</tag>
<doc>Open a new Page.</doc>
<status status="PASS" start="2024-06-25T15:21:07.340732" elapsed="2.217755"/>
</kw>
<kw name="Wait For Elements State" owner="Browser">
<msg time="2024-06-25T15:21:09.607809" level="INFO">Waited for Element with selector css=h1 &gt;&gt; text=Cuidado e diversão em cada passo at state visible</msg>
<arg>css=h1 &gt;&gt; text=Cuidado e diversão em cada passo</arg>
<arg>visible</arg>
<arg>6</arg>
<tag>PageContent</tag>
<tag>Wait</tag>
<doc>Waits for the element found by ``selector`` to satisfy state option.</doc>
<status status="PASS" start="2024-06-25T15:21:09.558487" elapsed="0.049322"/>
</kw>
<status status="PASS" start="2024-06-25T15:21:06.172890" elapsed="3.438430"/>
</kw>
<kw name="Create Dictionary" owner="BuiltIn">
<msg time="2024-06-25T15:21:09.611320" level="INFO">${dog_walker} = {'name': 'Vanessa Lima', 'email': 'v2125669@gmail.com', 'cpf': '58326597082', 'cep': '50920300', 'street': 'Rua Domélia', 'district': 'Jardim São Paulo', 'cityUf': 'Recife/PE', 'number': '207', 'detai...</msg>
<var>${dog_walker}</var>
<arg>name=Vanessa Lima</arg>
<arg>email=v2125669@gmail.com</arg>
<arg>cpf=58326597082</arg>
<arg>cep=50920300</arg>
<arg>street=Rua Domélia</arg>
<arg>district=Jardim São Paulo</arg>
<arg>cityUf=Recife/PE</arg>
<arg>number=207</arg>
<arg>details=casa b</arg>
<arg>cnh=toretto.jpg</arg>
<doc>Creates and returns a dictionary based on the given ``items``.</doc>
<status status="PASS" start="2024-06-25T15:21:09.611320" elapsed="0.000000"/>
</kw>
<kw name="Go to signup Page" owner="signup">
<kw name="Click" owner="Browser">
<msg time="2024-06-25T15:21:09.611320" level="INFO">Clicks the element 'css=a[href="/signup"]'.</msg>
<arg>css=a[href="/signup"]</arg>
<tag>PageContent</tag>
<tag>Setter</tag>
<doc>Simulates mouse click on the element found by ``selector``.</doc>
<status status="PASS" start="2024-06-25T15:21:09.611320" elapsed="0.115231"/>
</kw>
<kw name="Wait For Elements State" owner="Browser">
<msg time="2024-06-25T15:21:09.741434" level="INFO">Waited for Element with selector form h1 at state visible</msg>
<arg>form h1</arg>
<arg>visible</arg>
<arg>5000</arg>
<tag>PageContent</tag>
<tag>Wait</tag>
<doc>Waits for the element found by ``selector`` to satisfy state option.</doc>
<status status="PASS" start="2024-06-25T15:21:09.726551" elapsed="0.014883"/>
</kw>
<kw name="Get Text" owner="Browser">
<msg time="2024-06-25T15:21:09.790072" level="INFO">Text: 'Faça seu cadastro'</msg>
<arg>form h1</arg>
<arg>equal</arg>
<arg>Faça seu cadastro</arg>
<tag>Assertion</tag>
<tag>Getter</tag>
<tag>PageContent</tag>
<doc>Returns text attribute of the element found by ``selector``.</doc>
<status status="PASS" start="2024-06-25T15:21:09.741434" elapsed="0.048638"/>
</kw>
<status status="PASS" start="2024-06-25T15:21:09.611320" elapsed="0.178752"/>
</kw>
<kw name="Fill signup form" owner="signup">
<kw name="Fill Text" owner="Browser">
<msg time="2024-06-25T15:21:09.790072" level="INFO">Fills the text 'Vanessa Lima' in the given field.</msg>
<arg>css=input[name=name]</arg>
<arg>${dog_walker}[name]</arg>
<tag>PageContent</tag>
<tag>Setter</tag>
<doc>Clears and fills the given ``txt`` into the text field found by ``selector``.</doc>
<status status="PASS" start="2024-06-25T15:21:09.790072" elapsed="0.043404"/>
</kw>
<kw name="Fill Text" owner="Browser">
<msg time="2024-06-25T15:21:09.833476" level="INFO">Fills the text 'v2125669@gmail.com' in the given field.</msg>
<arg>css=input[placeholder$=mail]</arg>
<arg>${dog_walker}[email]</arg>
<tag>PageContent</tag>
<tag>Setter</tag>
<doc>Clears and fills the given ``txt`` into the text field found by ``selector``.</doc>
<status status="PASS" start="2024-06-25T15:21:09.833476" elapsed="0.038225"/>
</kw>
<kw name="Fill Text" owner="Browser">
<msg time="2024-06-25T15:21:09.871701" level="INFO">Fills the text '58326597082' in the given field.</msg>
<arg>css=input[name=cpf]</arg>
<arg>${dog_walker}[cpf]</arg>
<tag>PageContent</tag>
<tag>Setter</tag>
<doc>Clears and fills the given ``txt`` into the text field found by ``selector``.</doc>
<status status="PASS" start="2024-06-25T15:21:09.871701" elapsed="0.025239"/>
</kw>
<kw name="Fill Text" owner="Browser">
<msg time="2024-06-25T15:21:09.896940" level="INFO">Fills the text '50920300' in the given field.</msg>
<arg>css=input[name=cep]</arg>
<arg>${dog_walker}[cep]</arg>
<tag>PageContent</tag>
<tag>Setter</tag>
<doc>Clears and fills the given ``txt`` into the text field found by ``selector``.</doc>
<status status="PASS" start="2024-06-25T15:21:09.896940" elapsed="0.008099"/>
</kw>
<kw name="Click" owner="Browser">
<msg time="2024-06-25T15:21:09.905039" level="INFO">Clicks the element 'css=input[type=button][value$=CEP]'.</msg>
<arg>css=input[type=button][value$=CEP]</arg>
<tag>PageContent</tag>
<tag>Setter</tag>
<doc>Simulates mouse click on the element found by ``selector``.</doc>
<status status="PASS" start="2024-06-25T15:21:09.905039" elapsed="0.062826"/>
</kw>
<kw name="Get Property" owner="Browser">
<msg time="2024-06-25T15:21:10.360879" level="INFO">Property: 'Rua Domélia'</msg>
<arg>css=input[name=addressStreet]</arg>
<arg>value</arg>
<arg>equal</arg>
<arg>${dog_walker}[street]</arg>
<tag>Assertion</tag>
<tag>Getter</tag>
<tag>PageContent</tag>
<doc>Returns the ``property`` of the element found by ``selector``.</doc>
<status status="PASS" start="2024-06-25T15:21:09.967865" elapsed="0.393014"/>
</kw>
<kw name="Get Property" owner="Browser">
<msg time="2024-06-25T15:21:10.385110" level="INFO">Property: 'Jardim São Paulo'</msg>
<arg>css=input[name=addressDistrict]</arg>
<arg>value</arg>
<arg>equal</arg>
<arg>${dog_walker}[district]</arg>
<tag>Assertion</tag>
<tag>Getter</tag>
<tag>PageContent</tag>
<doc>Returns the ``property`` of the element found by ``selector``.</doc>
<status status="PASS" start="2024-06-25T15:21:10.367668" elapsed="0.017442"/>
</kw>
<kw name="Get Property" owner="Browser">
<msg time="2024-06-25T15:21:10.402016" level="INFO">Property: 'Recife/PE'</msg>
<arg>css=input[name=addressCityUf]</arg>
<arg>value</arg>
<arg>equal</arg>
<arg>${dog_walker}[cityUf]</arg>
<tag>Assertion</tag>
<tag>Getter</tag>
<tag>PageContent</tag>
<doc>Returns the ``property`` of the element found by ``selector``.</doc>
<status status="PASS" start="2024-06-25T15:21:10.385110" elapsed="0.016906"/>
</kw>
<kw name="Fill Text" owner="Browser">
<msg time="2024-06-25T15:21:10.402016" level="INFO">Fills the text '207' in the given field.</msg>
<arg>css=input[name=addressNumber]</arg>
<arg>${dog_walker}[number]</arg>
<tag>PageContent</tag>
<tag>Setter</tag>
<doc>Clears and fills the given ``txt`` into the text field found by ``selector``.</doc>
<status status="PASS" start="2024-06-25T15:21:10.402016" elapsed="0.022610"/>
</kw>
<kw name="Fill Text" owner="Browser">
<msg time="2024-06-25T15:21:10.424626" level="INFO">Fills the text 'casa b' in the given field.</msg>
<arg>css=input[name=addressDetails]</arg>
<arg>${dog_walker}[details]</arg>
<tag>PageContent</tag>
<tag>Setter</tag>
<doc>Clears and fills the given ``txt`` into the text field found by ``selector``.</doc>
<status status="PASS" start="2024-06-25T15:21:10.424626" elapsed="0.024372"/>
</kw>
<kw name="Upload File By Selector" owner="Browser">
<arg>css=input[type=file]</arg>
<arg>${EXECDIR}/resources/fixtures/${dog_walker}[cnh]</arg>
<tag>PageContent</tag>
<tag>Setter</tag>
<doc>Uploads file from `path` to file input element matched by selector.</doc>
<status status="PASS" start="2024-06-25T15:21:10.450275" elapsed="0.020884"/>
</kw>
<arg>${dog_walker}</arg>
<status status="PASS" start="2024-06-25T15:21:09.790072" elapsed="0.681087"/>
</kw>
<kw name="Submit signup form" owner="signup">
<kw name="Click" owner="Browser">
<msg time="2024-06-25T15:21:10.471159" level="INFO">Clicks the element 'css=.button-register'.</msg>
<arg>css=.button-register</arg>
<tag>PageContent</tag>
<tag>Setter</tag>
<doc>Simulates mouse click on the element found by ``selector``.</doc>
<status status="PASS" start="2024-06-25T15:21:10.471159" elapsed="0.084386"/>
</kw>
<status status="PASS" start="2024-06-25T15:21:10.471159" elapsed="0.084386"/>
</kw>
<kw name="Popup should be" owner="signup">
<kw name="Wait For Elements State" owner="Browser">
<msg time="2024-06-25T15:21:11.399792" level="INFO">Waited for Element with selector css=.swal2-html-container at state visible</msg>
<arg>css=.swal2-html-container</arg>
<arg>visible</arg>
<arg>3</arg>
<tag>PageContent</tag>
<tag>Wait</tag>
<doc>Waits for the element found by ``selector`` to satisfy state option.</doc>
<status status="PASS" start="2024-06-25T15:21:10.555545" elapsed="0.844247"/>
</kw>
<kw name="Get Text" owner="Browser">
<msg time="2024-06-25T15:21:11.449168" level="INFO">Text: 'Recebemos o seu cadastro e em breve retornaremos o contato.'</msg>
<arg>css=.swal2-html-container</arg>
<arg>equal</arg>
<arg>${expected_text}</arg>
<tag>Assertion</tag>
<tag>Getter</tag>
<tag>PageContent</tag>
<doc>Returns text attribute of the element found by ``selector``.</doc>
<status status="PASS" start="2024-06-25T15:21:11.399792" elapsed="0.049376"/>
</kw>
<arg>Recebemos o seu cadastro e em breve retornaremos o contato.</arg>
<status status="PASS" start="2024-06-25T15:21:10.555545" elapsed="0.893623"/>
</kw>
<kw name="Finish session" owner="base" type="TEARDOWN">
<kw name="Take Screenshot" owner="Browser">
<msg time="2024-06-25T15:21:11.804042" level="INFO" html="true">&lt;/td&gt;&lt;/tr&gt;&lt;tr&gt;&lt;td colspan="3"&gt;&lt;a href="browser/screenshot/robotframework-browser-screenshot-1.png" target="_blank"&gt;&lt;img src="browser/screenshot/robotframework-browser-screenshot-1.png" width="800px"/&gt;&lt;/a&gt;</msg>
<arg>fullPage=True</arg>
<tag>PageContent</tag>
<doc>Takes a screenshot of the current window or element and saves it to disk.</doc>
<status status="PASS" start="2024-06-25T15:21:11.449168" elapsed="0.354874"/>
</kw>
<status status="PASS" start="2024-06-25T15:21:11.449168" elapsed="0.354874"/>
</kw>
<tag>smoke</tag>
<status status="PASS" start="2024-06-25T15:21:06.172890" elapsed="5.631152"/>
</test>
<test id="s1-s1-t2" name="Não Deve poder cadastrar com CPF inválido" line="34">
<kw name="Start session" owner="base" type="SETUP">
<kw name="New Browser" owner="Browser">
<msg time="2024-06-25T15:21:11.985495" level="INFO">Switching browser to browser=d75c204d-c021-4513-8c16-4f427a49551d</msg>
<msg time="2024-06-25T15:21:11.991725" level="INFO">Successfully changed active browser: browser=d75c204d-c021-4513-8c16-4f427a49551d</msg>
<msg time="2024-06-25T15:21:11.991725" level="INFO">Reusing existing browser with id: browser=d75c204d-c021-4513-8c16-4f427a49551d</msg>
<arg>browser=${BROWSER}</arg>
<arg>headless=False</arg>
<tag>BrowserControl</tag>
<tag>Setter</tag>
<doc>Create a new playwright Browser with specified options.</doc>
<status status="PASS" start="2024-06-25T15:21:11.984638" elapsed="0.007087"/>
</kw>
<kw name="New Page" owner="Browser">
<msg time="2024-06-25T15:21:13.438914" level="INFO">Successfully initialized new page object and opened url: https://walkdog.vercel.app</msg>
<msg time="2024-06-25T15:21:13.438914" level="INFO">No context was open. New context was automatically opened when this page is created.</msg>
<arg>https://walkdog.vercel.app</arg>
<tag>BrowserControl</tag>
<tag>Setter</tag>
<doc>Open a new Page.</doc>
<status status="PASS" start="2024-06-25T15:21:11.991725" elapsed="1.447189"/>
</kw>
<kw name="Wait For Elements State" owner="Browser">
<msg time="2024-06-25T15:21:13.506259" level="INFO">Waited for Element with selector css=h1 &gt;&gt; text=Cuidado e diversão em cada passo at state visible</msg>
<arg>css=h1 &gt;&gt; text=Cuidado e diversão em cada passo</arg>
<arg>visible</arg>
<arg>6</arg>
<tag>PageContent</tag>
<tag>Wait</tag>
<doc>Waits for the element found by ``selector`` to satisfy state option.</doc>
<status status="PASS" start="2024-06-25T15:21:13.438914" elapsed="0.067345"/>
</kw>
<status status="PASS" start="2024-06-25T15:21:11.980314" elapsed="1.525945"/>
</kw>
<kw name="Create Dictionary" owner="BuiltIn">
<msg time="2024-06-25T15:21:13.506259" level="INFO">${dog_walker} = {'name': 'Vanessa Lima', 'email': 'v2125669@gmail.com', 'cpf': '583265970aa', 'cep': '50920300', 'street': 'Rua Domélia', 'district': 'Jardim São Paulo', 'cityUf': 'Recife/PE', 'number': '207', 'detai...</msg>
<var>${dog_walker}</var>
<arg>name=Vanessa Lima</arg>
<arg>email=v2125669@gmail.com</arg>
<arg>cpf=583265970aa</arg>
<arg>cep=50920300</arg>
<arg>street=Rua Domélia</arg>
<arg>district=Jardim São Paulo</arg>
<arg>cityUf=Recife/PE</arg>
<arg>number=207</arg>
<arg>details=casa b</arg>
<arg>cnh=toretto.jpg</arg>
<doc>Creates and returns a dictionary based on the given ``items``.</doc>
<status status="PASS" start="2024-06-25T15:21:13.506259" elapsed="0.000000"/>
</kw>
<kw name="Go to signup Page" owner="signup">
<kw name="Click" owner="Browser">
<msg time="2024-06-25T15:21:13.515820" level="INFO">Clicks the element 'css=a[href="/signup"]'.</msg>
<arg>css=a[href="/signup"]</arg>
<tag>PageContent</tag>
<tag>Setter</tag>
<doc>Simulates mouse click on the element found by ``selector``.</doc>
<status status="PASS" start="2024-06-25T15:21:13.515034" elapsed="0.195325"/>
</kw>
<kw name="Wait For Elements State" owner="Browser">
<msg time="2024-06-25T15:21:13.726732" level="INFO">Waited for Element with selector form h1 at state visible</msg>
<arg>form h1</arg>
<arg>visible</arg>
<arg>5000</arg>
<tag>PageContent</tag>
<tag>Wait</tag>
<doc>Waits for the element found by ``selector`` to satisfy state option.</doc>
<status status="PASS" start="2024-06-25T15:21:13.710359" elapsed="0.016373"/>
</kw>
<kw name="Get Text" owner="Browser">
<msg time="2024-06-25T15:21:13.785052" level="INFO">Text: 'Faça seu cadastro'</msg>
<arg>form h1</arg>
<arg>equal</arg>
<arg>Faça seu cadastro</arg>
<tag>Assertion</tag>
<tag>Getter</tag>
<tag>PageContent</tag>
<doc>Returns text attribute of the element found by ``selector``.</doc>
<status status="PASS" start="2024-06-25T15:21:13.726732" elapsed="0.058320"/>
</kw>
<status status="PASS" start="2024-06-25T15:21:13.513780" elapsed="0.271272"/>
</kw>
<kw name="Fill signup form" owner="signup">
<kw name="Fill Text" owner="Browser">
<msg time="2024-06-25T15:21:13.789567" level="INFO">Fills the text 'Vanessa Lima' in the given field.</msg>
<arg>css=input[name=name]</arg>
<arg>${dog_walker}[name]</arg>
<tag>PageContent</tag>
<tag>Setter</tag>
<doc>Clears and fills the given ``txt`` into the text field found by ``selector``.</doc>
<status status="PASS" start="2024-06-25T15:21:13.789567" elapsed="0.034848"/>
</kw>
<kw name="Fill Text" owner="Browser">
<msg time="2024-06-25T15:21:13.831743" level="INFO">Fills the text 'v2125669@gmail.com' in the given field.</msg>
<arg>css=input[placeholder$=mail]</arg>
<arg>${dog_walker}[email]</arg>
<tag>PageContent</tag>
<tag>Setter</tag>
<doc>Clears and fills the given ``txt`` into the text field found by ``selector``.</doc>
<status status="PASS" start="2024-06-25T15:21:13.824415" elapsed="0.040724"/>
</kw>
<kw name="Fill Text" owner="Browser">
<msg time="2024-06-25T15:21:13.873148" level="INFO">Fills the text '583265970aa' in the given field.</msg>
<arg>css=input[name=cpf]</arg>
<arg>${dog_walker}[cpf]</arg>
<tag>PageContent</tag>
<tag>Setter</tag>
<doc>Clears and fills the given ``txt`` into the text field found by ``selector``.</doc>
<status status="PASS" start="2024-06-25T15:21:13.865139" elapsed="0.031053"/>
</kw>
<kw name="Fill Text" owner="Browser">
<msg time="2024-06-25T15:21:13.898402" level="INFO">Fills the text '50920300' in the given field.</msg>
<arg>css=input[name=cep]</arg>
<arg>${dog_walker}[cep]</arg>
<tag>PageContent</tag>
<tag>Setter</tag>
<doc>Clears and fills the given ``txt`` into the text field found by ``selector``.</doc>
<status status="PASS" start="2024-06-25T15:21:13.897200" elapsed="0.024256"/>
</kw>
<kw name="Click" owner="Browser">
<msg time="2024-06-25T15:21:13.921456" level="INFO">Clicks the element 'css=input[type=button][value$=CEP]'.</msg>
<arg>css=input[type=button][value$=CEP]</arg>
<tag>PageContent</tag>
<tag>Setter</tag>
<doc>Simulates mouse click on the element found by ``selector``.</doc>
<status status="PASS" start="2024-06-25T15:21:13.921456" elapsed="0.046742"/>
</kw>
<kw name="Get Property" owner="Browser">
<msg time="2024-06-25T15:21:14.525419" level="INFO">Property: 'Rua Domélia'</msg>
<arg>css=input[name=addressStreet]</arg>
<arg>value</arg>
<arg>equal</arg>
<arg>${dog_walker}[street]</arg>
<tag>Assertion</tag>
<tag>Getter</tag>
<tag>PageContent</tag>
<doc>Returns the ``property`` of the element found by ``selector``.</doc>
<status status="PASS" start="2024-06-25T15:21:13.968198" elapsed="0.557221"/>
</kw>
<kw name="Get Property" owner="Browser">
<msg time="2024-06-25T15:21:14.549844" level="INFO">Property: 'Jardim São Paulo'</msg>
<arg>css=input[name=addressDistrict]</arg>
<arg>value</arg>
<arg>equal</arg>
<arg>${dog_walker}[district]</arg>
<tag>Assertion</tag>
<tag>Getter</tag>
<tag>PageContent</tag>
<doc>Returns the ``property`` of the element found by ``selector``.</doc>
<status status="PASS" start="2024-06-25T15:21:14.525419" elapsed="0.024425"/>
</kw>
<kw name="Get Property" owner="Browser">
<msg time="2024-06-25T15:21:14.581360" level="INFO">Property: 'Recife/PE'</msg>
<arg>css=input[name=addressCityUf]</arg>
<arg>value</arg>
<arg>equal</arg>
<arg>${dog_walker}[cityUf]</arg>
<tag>Assertion</tag>
<tag>Getter</tag>
<tag>PageContent</tag>
<doc>Returns the ``property`` of the element found by ``selector``.</doc>
<status status="PASS" start="2024-06-25T15:21:14.549844" elapsed="0.031516"/>
</kw>
<kw name="Fill Text" owner="Browser">
<msg time="2024-06-25T15:21:14.581360" level="INFO">Fills the text '207' in the given field.</msg>
<arg>css=input[name=addressNumber]</arg>
<arg>${dog_walker}[number]</arg>
<tag>PageContent</tag>
<tag>Setter</tag>
<doc>Clears and fills the given ``txt`` into the text field found by ``selector``.</doc>
<status status="PASS" start="2024-06-25T15:21:14.581360" elapsed="0.026297"/>
</kw>
<kw name="Fill Text" owner="Browser">
<msg time="2024-06-25T15:21:14.607657" level="INFO">Fills the text 'casa b' in the given field.</msg>
<arg>css=input[name=addressDetails]</arg>
<arg>${dog_walker}[details]</arg>
<tag>PageContent</tag>
<tag>Setter</tag>
<doc>Clears and fills the given ``txt`` into the text field found by ``selector``.</doc>
<status status="PASS" start="2024-06-25T15:21:14.607657" elapsed="0.028444"/>
</kw>
<kw name="Upload File By Selector" owner="Browser">
<arg>css=input[type=file]</arg>
<arg>${EXECDIR}/resources/fixtures/${dog_walker}[cnh]</arg>
<tag>PageContent</tag>
<tag>Setter</tag>
<doc>Uploads file from `path` to file input element matched by selector.</doc>
<status status="PASS" start="2024-06-25T15:21:14.636101" elapsed="0.024137"/>
</kw>
<arg>${dog_walker}</arg>
<status status="PASS" start="2024-06-25T15:21:13.785052" elapsed="0.875186"/>
</kw>
<kw name="Submit signup form" owner="signup">
<kw name="Click" owner="Browser">
<msg time="2024-06-25T15:21:14.660238" level="INFO">Clicks the element 'css=.button-register'.</msg>
<arg>css=.button-register</arg>
<tag>PageContent</tag>
<tag>Setter</tag>
<doc>Simulates mouse click on the element found by ``selector``.</doc>
<status status="PASS" start="2024-06-25T15:21:14.660238" elapsed="0.055796"/>
</kw>
<status status="PASS" start="2024-06-25T15:21:14.660238" elapsed="0.055796"/>
</kw>
<kw name="Alert should be" owner="signup">
<kw name="Wait For Elements State" owner="Browser">
<msg time="2024-06-25T15:21:19.754204" level="INFO">Keyword 'Take Screenshot  fail-screenshot-{index}' could not be run on failure:
Error: Tried to take screenshot, but no page was open.</msg>
<msg time="2024-06-25T15:21:19.754204" level="INFO">See also file:///C:/QAX/Projects/Walkdog-robot/.logs/playwright-log.txt for additional details.</msg>
<msg time="2024-06-25T15:21:19.769967" level="FAIL">Error: Could not find active page</msg>
<arg>css=.alert-error &gt;&gt; text=${expected_text}</arg>
<arg>visible</arg>
<arg>5</arg>
<tag>PageContent</tag>
<tag>Wait</tag>
<doc>Waits for the element found by ``selector`` to satisfy state option.</doc>
<status status="FAIL" start="2024-06-25T15:21:14.716034" elapsed="5.086465">Error: Could not find active page</status>
</kw>
<arg>CPF inválido</arg>
<status status="FAIL" start="2024-06-25T15:21:14.716034" elapsed="5.086465">Error: Could not find active page</status>
</kw>
<kw name="Finish session" owner="base" type="TEARDOWN">
<kw name="Take Screenshot" owner="Browser">
<msg time="2024-06-25T15:21:19.884697" level="INFO">Keyword 'Take Screenshot  fail-screenshot-{index}' could not be run on failure:
Error: Tried to take screenshot, but no page was open.</msg>
<msg time="2024-06-25T15:21:19.884697" level="INFO">See also file:///C:/QAX/Projects/Walkdog-robot/.logs/playwright-log.txt for additional details.</msg>
<msg time="2024-06-25T15:21:19.884697" level="FAIL">Error: Tried to take screenshot, but no page was open.</msg>
<arg>fullPage=True</arg>
<tag>PageContent</tag>
<doc>Takes a screenshot of the current window or element and saves it to disk.</doc>
<status status="FAIL" start="2024-06-25T15:21:19.802499" elapsed="0.082198">Error: Tried to take screenshot, but no page was open.</status>
</kw>
<status status="FAIL" start="2024-06-25T15:21:19.802499" elapsed="0.082198">Error: Tried to take screenshot, but no page was open.</status>
</kw>
<tag>cpf_inv</tag>
<status status="FAIL" start="2024-06-25T15:21:11.968948" elapsed="7.915749">Error: Could not find active page

Also teardown failed:
Error: Tried to take screenshot, but no page was open.</status>
</test>
<test id="s1-s1-t3" name="NÃO Deve poder cadastrar se campos obrigatórios nao forem preenchidos" line="55">
<kw name="Start session" owner="base" type="SETUP">
<kw name="New Browser" owner="Browser">
<msg time="2024-06-25T15:21:19.936503" level="INFO">Switching browser to browser=d75c204d-c021-4513-8c16-4f427a49551d</msg>
<msg time="2024-06-25T15:21:19.938915" level="INFO">Successfully changed active browser: browser=d75c204d-c021-4513-8c16-4f427a49551d</msg>
<msg time="2024-06-25T15:21:19.938915" level="INFO">Reusing existing browser with id: browser=d75c204d-c021-4513-8c16-4f427a49551d</msg>
<arg>browser=${BROWSER}</arg>
<arg>headless=False</arg>
<tag>BrowserControl</tag>
<tag>Setter</tag>
<doc>Create a new playwright Browser with specified options.</doc>
<status status="PASS" start="2024-06-25T15:21:19.936503" elapsed="0.002412"/>
</kw>
<kw name="New Page" owner="Browser">
<msg time="2024-06-25T15:21:21.268923" level="INFO">Successfully initialized new page object and opened url: https://walkdog.vercel.app</msg>
<msg time="2024-06-25T15:21:21.268923" level="INFO">No context was open. New context was automatically opened when this page is created.</msg>
<arg>https://walkdog.vercel.app</arg>
<tag>BrowserControl</tag>
<tag>Setter</tag>
<doc>Open a new Page.</doc>
<status status="PASS" start="2024-06-25T15:21:19.938915" elapsed="1.330008"/>
</kw>
<kw name="Wait For Elements State" owner="Browser">
<msg time="2024-06-25T15:21:21.348742" level="INFO">Waited for Element with selector css=h1 &gt;&gt; text=Cuidado e diversão em cada passo at state visible</msg>
<arg>css=h1 &gt;&gt; text=Cuidado e diversão em cada passo</arg>
<arg>visible</arg>
<arg>6</arg>
<tag>PageContent</tag>
<tag>Wait</tag>
<doc>Waits for the element found by ``selector`` to satisfy state option.</doc>
<status status="PASS" start="2024-06-25T15:21:21.268923" elapsed="0.079819"/>
</kw>
<status status="PASS" start="2024-06-25T15:21:19.935590" elapsed="1.413152"/>
</kw>
<kw name="Go to signup Page" owner="signup">
<kw name="Click" owner="Browser">
<msg time="2024-06-25T15:21:21.348742" level="INFO">Clicks the element 'css=a[href="/signup"]'.</msg>
<arg>css=a[href="/signup"]</arg>
<tag>PageContent</tag>
<tag>Setter</tag>
<doc>Simulates mouse click on the element found by ``selector``.</doc>
<status status="PASS" start="2024-06-25T15:21:21.348742" elapsed="0.149749"/>
</kw>
<kw name="Wait For Elements State" owner="Browser">
<msg time="2024-06-25T15:21:21.523492" level="INFO">Waited for Element with selector form h1 at state visible</msg>
<arg>form h1</arg>
<arg>visible</arg>
<arg>5000</arg>
<tag>PageContent</tag>
<tag>Wait</tag>
<doc>Waits for the element found by ``selector`` to satisfy state option.</doc>
<status status="PASS" start="2024-06-25T15:21:21.498491" elapsed="0.025001"/>
</kw>
<kw name="Get Text" owner="Browser">
<msg time="2024-06-25T15:21:21.589783" level="INFO">Text: 'Faça seu cadastro'</msg>
<arg>form h1</arg>
<arg>equal</arg>
<arg>Faça seu cadastro</arg>
<tag>Assertion</tag>
<tag>Getter</tag>
<tag>PageContent</tag>
<doc>Returns text attribute of the element found by ``selector``.</doc>
<status status="PASS" start="2024-06-25T15:21:21.523492" elapsed="0.066291"/>
</kw>
<status status="PASS" start="2024-06-25T15:21:21.348742" elapsed="0.241041"/>
</kw>
<kw name="Submit signup form" owner="signup">
<kw name="Click" owner="Browser">
<msg time="2024-06-25T15:21:21.589783" level="INFO">Clicks the element 'css=.button-register'.</msg>
<arg>css=.button-register</arg>
<tag>PageContent</tag>
<tag>Setter</tag>
<doc>Simulates mouse click on the element found by ``selector``.</doc>
<status status="PASS" start="2024-06-25T15:21:21.589783" elapsed="0.081570"/>
</kw>
<status status="PASS" start="2024-06-25T15:21:21.589783" elapsed="0.081570"/>
</kw>
<kw name="Alert should be" owner="signup">
<kw name="Wait For Elements State" owner="Browser">
<msg time="2024-06-25T15:21:21.687652" level="INFO">Waited for Element with selector css=.alert-error &gt;&gt; text=Informe o seu nome completo at state visible</msg>
<arg>css=.alert-error &gt;&gt; text=${expected_text}</arg>
<arg>visible</arg>
<arg>5</arg>
<tag>PageContent</tag>
<tag>Wait</tag>
<doc>Waits for the element found by ``selector`` to satisfy state option.</doc>
<status status="PASS" start="2024-06-25T15:21:21.671353" elapsed="0.016299"/>
</kw>
<arg>Informe o seu nome completo</arg>
<status status="PASS" start="2024-06-25T15:21:21.671353" elapsed="0.016299"/>
</kw>
<kw name="Alert should be" owner="signup">
<kw name="Wait For Elements State" owner="Browser">
<msg time="2024-06-25T15:21:21.706210" level="INFO">Waited for Element with selector css=.alert-error &gt;&gt; text=Informe o seu melhor email at state visible</msg>
<arg>css=.alert-error &gt;&gt; text=${expected_text}</arg>
<arg>visible</arg>
<arg>5</arg>
<tag>PageContent</tag>
<tag>Wait</tag>
<doc>Waits for the element found by ``selector`` to satisfy state option.</doc>
<status status="PASS" start="2024-06-25T15:21:21.695780" elapsed="0.010430"/>
</kw>
<arg>Informe o seu melhor email</arg>
<status status="PASS" start="2024-06-25T15:21:21.687652" elapsed="0.018558"/>
</kw>
<kw name="Alert should be" owner="signup">
<kw name="Wait For Elements State" owner="Browser">
<msg time="2024-06-25T15:21:21.729135" level="INFO">Waited for Element with selector css=.alert-error &gt;&gt; text=Informe o seu CPF at state visible</msg>
<arg>css=.alert-error &gt;&gt; text=${expected_text}</arg>
<arg>visible</arg>
<arg>5</arg>
<tag>PageContent</tag>
<tag>Wait</tag>
<doc>Waits for the element found by ``selector`` to satisfy state option.</doc>
<status status="PASS" start="2024-06-25T15:21:21.712403" elapsed="0.016732"/>
</kw>
<arg>Informe o seu CPF</arg>
<status status="PASS" start="2024-06-25T15:21:21.712403" elapsed="0.016732"/>
</kw>
<kw name="Alert should be" owner="signup">
<kw name="Wait For Elements State" owner="Browser">
<msg time="2024-06-25T15:21:21.754965" level="INFO">Waited for Element with selector css=.alert-error &gt;&gt; text=Informe o seu CEP at state visible</msg>
<arg>css=.alert-error &gt;&gt; text=${expected_text}</arg>
<arg>visible</arg>
<arg>5</arg>
<tag>PageContent</tag>
<tag>Wait</tag>
<doc>Waits for the element found by ``selector`` to satisfy state option.</doc>
<status status="PASS" start="2024-06-25T15:21:21.729135" elapsed="0.025830"/>
</kw>
<arg>Informe o seu CEP</arg>
<status status="PASS" start="2024-06-25T15:21:21.729135" elapsed="0.025830"/>
</kw>
<kw name="Alert should be" owner="signup">
<kw name="Wait For Elements State" owner="Browser">
<msg time="2024-06-25T15:21:21.769852" level="INFO">Waited for Element with selector css=.alert-error &gt;&gt; text=Informe um número maior que zero at state visible</msg>
<arg>css=.alert-error &gt;&gt; text=${expected_text}</arg>
<arg>visible</arg>
<arg>5</arg>
<tag>PageContent</tag>
<tag>Wait</tag>
<doc>Waits for the element found by ``selector`` to satisfy state option.</doc>
<status status="PASS" start="2024-06-25T15:21:21.754965" elapsed="0.014887"/>
</kw>
<arg>Informe um número maior que zero</arg>
<status status="PASS" start="2024-06-25T15:21:21.754965" elapsed="0.014887"/>
</kw>
<kw name="Alert should be" owner="signup">
<kw name="Wait For Elements State" owner="Browser">
<msg time="2024-06-25T15:21:21.787588" level="INFO">Waited for Element with selector css=.alert-error &gt;&gt; text=Adcione um documento com foto (RG ou CHN) at state visible</msg>
<arg>css=.alert-error &gt;&gt; text=${expected_text}</arg>
<arg>visible</arg>
<arg>5</arg>
<tag>PageContent</tag>
<tag>Wait</tag>
<doc>Waits for the element found by ``selector`` to satisfy state option.</doc>
<status status="PASS" start="2024-06-25T15:21:21.769852" elapsed="0.017736"/>
</kw>
<arg>Adcione um documento com foto (RG ou CHN)</arg>
<status status="PASS" start="2024-06-25T15:21:21.769852" elapsed="0.017736"/>
</kw>
<kw name="Finish session" owner="base" type="TEARDOWN">
<kw name="Take Screenshot" owner="Browser">
<msg time="2024-06-25T15:21:22.091800" level="INFO" html="true">&lt;/td&gt;&lt;/tr&gt;&lt;tr&gt;&lt;td colspan="3"&gt;&lt;a href="browser/screenshot/robotframework-browser-screenshot-2.png" target="_blank"&gt;&lt;img src="browser/screenshot/robotframework-browser-screenshot-2.png" width="800px"/&gt;&lt;/a&gt;</msg>
<arg>fullPage=True</arg>
<tag>PageContent</tag>
<doc>Takes a screenshot of the current window or element and saves it to disk.</doc>
<status status="PASS" start="2024-06-25T15:21:21.787588" elapsed="0.307212"/>
</kw>
<status status="PASS" start="2024-06-25T15:21:21.787588" elapsed="0.307289"/>
</kw>
<tag>required</tag>
<status status="PASS" start="2024-06-25T15:21:19.931714" elapsed="2.163163"/>
</test>
<test id="s1-s1-t4" name="Deve poder cadastrar um novo dog walker que sabe cuidar de pets" line="67">
<kw name="Start session" owner="base" type="SETUP">
<kw name="New Browser" owner="Browser">
<msg time="2024-06-25T15:21:22.268657" level="INFO">Switching browser to browser=d75c204d-c021-4513-8c16-4f427a49551d</msg>
<msg time="2024-06-25T15:21:22.272334" level="INFO">Successfully changed active browser: browser=d75c204d-c021-4513-8c16-4f427a49551d</msg>
<msg time="2024-06-25T15:21:22.272334" level="INFO">Reusing existing browser with id: browser=d75c204d-c021-4513-8c16-4f427a49551d</msg>
<arg>browser=${BROWSER}</arg>
<arg>headless=False</arg>
<tag>BrowserControl</tag>
<tag>Setter</tag>
<doc>Create a new playwright Browser with specified options.</doc>
<status status="PASS" start="2024-06-25T15:21:22.268657" elapsed="0.003677"/>
</kw>
<kw name="New Page" owner="Browser">
<msg time="2024-06-25T15:21:23.589804" level="INFO">Keyword 'Take Screenshot  fail-screenshot-{index}' could not be run on failure:
Error: Tried to take screenshot, but no page was open.</msg>
<msg time="2024-06-25T15:21:23.589804" level="INFO">See also file:///C:/QAX/Projects/Walkdog-robot/.logs/playwright-log.txt for additional details.</msg>
<msg time="2024-06-25T15:21:23.589804" level="FAIL">Error: page.goto: Target page, context or browser has been closed
Call log:
  [2m- navigating to "https://walkdog.vercel.app/", waiting until "load"[22m
</msg>
<arg>https://walkdog.vercel.app</arg>
<tag>BrowserControl</tag>
<tag>Setter</tag>
<doc>Open a new Page.</doc>
<status status="FAIL" start="2024-06-25T15:21:22.272334" elapsed="1.320709">Error: page.goto: Target page, context or browser has been closed
Call log:
  [2m- navigating to "https://walkdog.vercel.app/", waiting until "load"[22m
</status>
</kw>
<kw name="Wait For Elements State" owner="Browser">
<arg>css=h1 &gt;&gt; text=Cuidado e diversão em cada passo</arg>
<arg>visible</arg>
<arg>6</arg>
<tag>PageContent</tag>
<tag>Wait</tag>
<doc>Waits for the element found by ``selector`` to satisfy state option.</doc>
<status status="NOT RUN" start="2024-06-25T15:21:23.595052" elapsed="0.000000"/>
</kw>
<status status="FAIL" start="2024-06-25T15:21:22.268001" elapsed="1.327051">Error: page.goto: Target page, context or browser has been closed
Call log:
  [2m- navigating to "https://walkdog.vercel.app/", waiting until "load"[22m
</status>
</kw>
<kw name="Finish session" owner="base" type="TEARDOWN">
<kw name="Take Screenshot" owner="Browser">
<msg time="2024-06-25T15:21:23.666269" level="INFO">Keyword 'Take Screenshot  fail-screenshot-{index}' could not be run on failure:
Error: Tried to take screenshot, but no page was open.</msg>
<msg time="2024-06-25T15:21:23.666269" level="INFO">See also file:///C:/QAX/Projects/Walkdog-robot/.logs/playwright-log.txt for additional details.</msg>
<msg time="2024-06-25T15:21:23.666269" level="FAIL">Error: Tried to take screenshot, but no page was open.</msg>
<arg>fullPage=True</arg>
<tag>PageContent</tag>
<doc>Takes a screenshot of the current window or element and saves it to disk.</doc>
<status status="FAIL" start="2024-06-25T15:21:23.596902" elapsed="0.077557">Error: Tried to take screenshot, but no page was open.</status>
</kw>
<status status="FAIL" start="2024-06-25T15:21:23.595052" elapsed="0.079407">Error: Tried to take screenshot, but no page was open.</status>
</kw>
<tag>aservice</tag>
<status status="FAIL" start="2024-06-25T15:21:22.261746" elapsed="1.412713">Setup failed:
Error: page.goto: Target page, context or browser has been closed
Call log:
  [2m- navigating to "https://walkdog.vercel.app/", waiting until "load"[22m


Also teardown failed:
Error: Tried to take screenshot, but no page was open.</status>
</test>
<test id="s1-s1-t5" name="Deve poder cadastrar um novo dog walker que sabe Adestrar de pets" line="89">
<kw name="Start session" owner="base" type="SETUP">
<kw name="New Browser" owner="Browser">
<msg time="2024-06-25T15:21:23.716961" level="INFO">Switching browser to browser=d75c204d-c021-4513-8c16-4f427a49551d</msg>
<msg time="2024-06-25T15:21:23.719749" level="INFO">Successfully changed active browser: browser=d75c204d-c021-4513-8c16-4f427a49551d</msg>
<msg time="2024-06-25T15:21:23.719749" level="INFO">Reusing existing browser with id: browser=d75c204d-c021-4513-8c16-4f427a49551d</msg>
<arg>browser=${BROWSER}</arg>
<arg>headless=False</arg>
<tag>BrowserControl</tag>
<tag>Setter</tag>
<doc>Create a new playwright Browser with specified options.</doc>
<status status="PASS" start="2024-06-25T15:21:23.716961" elapsed="0.002788"/>
</kw>
<kw name="New Page" owner="Browser">
<msg time="2024-06-25T15:21:24.806329" level="INFO">Keyword 'Take Screenshot  fail-screenshot-{index}' could not be run on failure:
Error: Tried to take screenshot, but no page was open.</msg>
<msg time="2024-06-25T15:21:24.806329" level="INFO">See also file:///C:/QAX/Projects/Walkdog-robot/.logs/playwright-log.txt for additional details.</msg>
<msg time="2024-06-25T15:21:24.806329" level="FAIL">Error: page.goto: Target page, context or browser has been closed
Call log:
  [2m- navigating to "https://walkdog.vercel.app/", waiting until "load"[22m
</msg>
<arg>https://walkdog.vercel.app</arg>
<tag>BrowserControl</tag>
<tag>Setter</tag>
<doc>Open a new Page.</doc>
<status status="FAIL" start="2024-06-25T15:21:23.719749" elapsed="1.089100">Error: page.goto: Target page, context or browser has been closed
Call log:
  [2m- navigating to "https://walkdog.vercel.app/", waiting until "load"[22m
</status>
</kw>
<kw name="Wait For Elements State" owner="Browser">
<arg>css=h1 &gt;&gt; text=Cuidado e diversão em cada passo</arg>
<arg>visible</arg>
<arg>6</arg>
<tag>PageContent</tag>
<tag>Wait</tag>
<doc>Waits for the element found by ``selector`` to satisfy state option.</doc>
<status status="NOT RUN" start="2024-06-25T15:21:24.808849" elapsed="0.000000"/>
</kw>
<status status="FAIL" start="2024-06-25T15:21:23.708948" elapsed="1.099901">Error: page.goto: Target page, context or browser has been closed
Call log:
  [2m- navigating to "https://walkdog.vercel.app/", waiting until "load"[22m
</status>
</kw>
<kw name="Finish session" owner="base" type="TEARDOWN">
<kw name="Take Screenshot" owner="Browser">
<msg time="2024-06-25T15:21:24.899974" level="INFO">Keyword 'Take Screenshot  fail-screenshot-{index}' could not be run on failure:
Error: Tried to take screenshot, but no page was open.</msg>
<msg time="2024-06-25T15:21:24.899974" level="INFO">See also file:///C:/QAX/Projects/Walkdog-robot/.logs/playwright-log.txt for additional details.</msg>
<msg time="2024-06-25T15:21:24.908068" level="FAIL">Error: Tried to take screenshot, but no page was open.</msg>
<arg>fullPage=True</arg>
<tag>PageContent</tag>
<doc>Takes a screenshot of the current window or element and saves it to disk.</doc>
<status status="FAIL" start="2024-06-25T15:21:24.808849" elapsed="0.100307">Error: Tried to take screenshot, but no page was open.</status>
</kw>
<status status="FAIL" start="2024-06-25T15:21:24.808849" elapsed="0.100307">Error: Tried to take screenshot, but no page was open.</status>
</kw>
<tag>aservice</tag>
<status status="FAIL" start="2024-06-25T15:21:23.708948" elapsed="1.200208">Setup failed:
Error: page.goto: Target page, context or browser has been closed
Call log:
  [2m- navigating to "https://walkdog.vercel.app/", waiting until "load"[22m


Also teardown failed:
Error: Tried to take screenshot, but no page was open.</status>
</test>
<doc>Suite de teste de cadastro de dog walker</doc>
<status status="FAIL" start="2024-06-25T15:21:03.854795" elapsed="21.117178"/>
</suite>
<status status="FAIL" start="2024-06-25T15:21:03.814642" elapsed="21.168080"/>
</suite>
<statistics>
<total>
<stat pass="2" fail="3" skip="0">All Tests</stat>
</total>
<tag>
<stat pass="0" fail="2" skip="0">aservice</stat>
<stat pass="0" fail="1" skip="0">cpf_inv</stat>
<stat pass="1" fail="0" skip="0">required</stat>
<stat pass="1" fail="0" skip="0">smoke</stat>
</tag>
<suite>
<stat pass="2" fail="3" skip="0" id="s1" name="Tests">Tests</stat>
<stat pass="2" fail="3" skip="0" id="s1-s1" name="Signup">Tests.Signup</stat>
</suite>
</statistics>
<errors>
</errors>
</robot>
