<?xml version="1.0" encoding="UTF-8"?>
<robot generator="Robot 7.0.1 (Python 3.12.4 on win32)" generated="2024-06-25T13:49:18.860883" rpa="false" schemaversion="5">
<suite id="s1" name="Signup" source="C:\QAX\Projects\Walkdog-robot\tests\signup.robot">
<test id="s1-t1" name="Deve poder cadastrar um novo dog walker" line="11">
<kw name="Start session" owner="base" type="SETUP">
<kw name="New Browser" owner="Browser">
<msg time="2024-06-25T13:49:21.621780" level="INFO">{"browser": "chromium", "headless": false, "chromiumSandbox": false, "devtools": false, "handleSIGHUP": true, "handleSIGINT": true, "handleSIGTERM": true, "slowMo": 0.0, "timeout": 30000.0, "tracesDir": "C:\\QAX\\Projects\\Walkdog-robot\\logs\\browser\\traces\\3bf88a2a-b746-4217-9fd5-6f761bd8d050"}</msg>
<msg time="2024-06-25T13:49:23.281539" level="INFO">Successfully created browser with options: {"browser":"chromium","headless":false,"chromiumSandbox":false,"devtools":false,"handleSIGHUP":true,"handleSIGINT":true,"handleSIGTERM":true,"slowMo":0,"timeout":30000,"tracesDir":"C:\\QAX\\Projects\\Walkdog-robot\\logs\\browser\\traces\\3bf88a2a-b746-4217-9fd5-6f761bd8d050"}</msg>
<arg>browser=${BROWSER}</arg>
<arg>headless=False</arg>
<tag>BrowserControl</tag>
<tag>Setter</tag>
<doc>Create a new playwright Browser with specified options.</doc>
<status status="PASS" start="2024-06-25T13:49:21.620776" elapsed="1.660763"/>
</kw>
<kw name="New Page" owner="Browser">
<msg time="2024-06-25T13:49:26.138988" level="INFO">Successfully initialized new page object and opened url: https://walkdog.vercel.app</msg>
<msg time="2024-06-25T13:49:26.138988" level="INFO">No context was open. New context was automatically opened when this page is created.</msg>
<arg>https://walkdog.vercel.app</arg>
<tag>BrowserControl</tag>
<tag>Setter</tag>
<doc>Open a new Page.</doc>
<status status="PASS" start="2024-06-25T13:49:23.281539" elapsed="2.857449"/>
</kw>
<kw name="Wait For Elements State" owner="Browser">
<msg time="2024-06-25T13:49:26.237916" level="INFO">Waited for Element with selector css=h1 &gt;&gt; text=Cuidado e diversão em cada passo at state visible</msg>
<arg>css=h1 &gt;&gt; text=Cuidado e diversão em cada passo</arg>
<arg>visible</arg>
<arg>6</arg>
<tag>PageContent</tag>
<tag>Wait</tag>
<doc>Waits for the element found by ``selector`` to satisfy state option.</doc>
<status status="PASS" start="2024-06-25T13:49:26.138988" elapsed="0.098928"/>
</kw>
<status status="PASS" start="2024-06-25T13:49:21.619638" elapsed="4.618278"/>
</kw>
<kw name="Create Dictionary" owner="BuiltIn">
<msg time="2024-06-25T13:49:26.237916" level="INFO">${dog_walker} = {'name': 'Vanessa Lima', 'email': 'v2125669@gmail.com', 'cpf': '58326597082', 'cep': '50920300', 'street': 'Rua Domélia', 'district': 'Jardim São Paulo', 'cityUf': 'Recife/PE', 'number': '207', 'detai...</msg>
<var>${dog_walker}</var>
<arg>name=Vanessa Lima</arg>
<arg>email=v2125669@gmail.com</arg>
<arg>cpf=58326597082</arg>
<arg>cep=50920300</arg>
<arg>street=Rua Domélia</arg>
<arg>district=Jardim São Paulo</arg>
<arg>cityUf=Recife/PE</arg>
<arg>number=207</arg>
<arg>details=casa b</arg>
<arg>cnh=toretto.jpg</arg>
<doc>Creates and returns a dictionary based on the given ``items``.</doc>
<status status="PASS" start="2024-06-25T13:49:26.237916" elapsed="0.000000"/>
</kw>
<kw name="Go to signup Page" owner="signup">
<kw name="Click" owner="Browser">
<msg time="2024-06-25T13:49:26.237916" level="INFO">Clicks the element 'css=a[href="/signup"]'.</msg>
<arg>css=a[href="/signup"]</arg>
<tag>PageContent</tag>
<tag>Setter</tag>
<doc>Simulates mouse click on the element found by ``selector``.</doc>
<status status="PASS" start="2024-06-25T13:49:26.237916" elapsed="0.230258"/>
</kw>
<kw name="Wait For Elements State" owner="Browser">
<msg time="2024-06-25T13:49:26.485667" level="INFO">Waited for Element with selector form h1 at state visible</msg>
<arg>form h1</arg>
<arg>visible</arg>
<arg>5000</arg>
<tag>PageContent</tag>
<tag>Wait</tag>
<doc>Waits for the element found by ``selector`` to satisfy state option.</doc>
<status status="PASS" start="2024-06-25T13:49:26.469670" elapsed="0.015997"/>
</kw>
<kw name="Get Text" owner="Browser">
<msg time="2024-06-25T13:49:26.539535" level="INFO">Text: 'Faça seu cadastro'</msg>
<arg>form h1</arg>
<arg>equal</arg>
<arg>Faça seu cadastro</arg>
<tag>Assertion</tag>
<tag>Getter</tag>
<tag>PageContent</tag>
<doc>Returns text attribute of the element found by ``selector``.</doc>
<status status="PASS" start="2024-06-25T13:49:26.487021" elapsed="0.052514"/>
</kw>
<status status="PASS" start="2024-06-25T13:49:26.237916" elapsed="0.301619"/>
</kw>
<kw name="Fill signup form" owner="signup">
<kw name="Fill Text" owner="Browser">
<msg time="2024-06-25T13:49:26.539535" level="INFO">Fills the text 'Vanessa Lima' in the given field.</msg>
<arg>css=input[name=name]</arg>
<arg>${dog_walker}[name]</arg>
<tag>PageContent</tag>
<tag>Setter</tag>
<doc>Clears and fills the given ``txt`` into the text field found by ``selector``.</doc>
<status status="PASS" start="2024-06-25T13:49:26.539535" elapsed="0.071393"/>
</kw>
<kw name="Fill Text" owner="Browser">
<msg time="2024-06-25T13:49:26.610928" level="INFO">Fills the text 'v2125669@gmail.com' in the given field.</msg>
<arg>css=input[placeholder$=mail]</arg>
<arg>${dog_walker}[email]</arg>
<tag>PageContent</tag>
<tag>Setter</tag>
<doc>Clears and fills the given ``txt`` into the text field found by ``selector``.</doc>
<status status="PASS" start="2024-06-25T13:49:26.610928" elapsed="0.024906"/>
</kw>
<kw name="Fill Text" owner="Browser">
<msg time="2024-06-25T13:49:26.635834" level="INFO">Fills the text '58326597082' in the given field.</msg>
<arg>css=input[name=cpf]</arg>
<arg>${dog_walker}[cpf]</arg>
<tag>PageContent</tag>
<tag>Setter</tag>
<doc>Clears and fills the given ``txt`` into the text field found by ``selector``.</doc>
<status status="PASS" start="2024-06-25T13:49:26.635834" elapsed="0.018280"/>
</kw>
<kw name="Fill Text" owner="Browser">
<msg time="2024-06-25T13:49:26.654114" level="INFO">Fills the text '50920300' in the given field.</msg>
<arg>css=input[name=cep]</arg>
<arg>${dog_walker}[cep]</arg>
<tag>PageContent</tag>
<tag>Setter</tag>
<doc>Clears and fills the given ``txt`` into the text field found by ``selector``.</doc>
<status status="PASS" start="2024-06-25T13:49:26.654114" elapsed="0.017526"/>
</kw>
<kw name="Click" owner="Browser">
<msg time="2024-06-25T13:49:26.671640" level="INFO">Clicks the element 'css=input[type=button][value$=CEP]'.</msg>
<arg>css=input[type=button][value$=CEP]</arg>
<tag>PageContent</tag>
<tag>Setter</tag>
<doc>Simulates mouse click on the element found by ``selector``.</doc>
<status status="PASS" start="2024-06-25T13:49:26.671640" elapsed="0.047401"/>
</kw>
<kw name="Get Property" owner="Browser">
<msg time="2024-06-25T13:49:27.098678" level="INFO">Property: 'Rua Domélia'</msg>
<arg>css=input[name=addressStreet]</arg>
<arg>value</arg>
<arg>equal</arg>
<arg>${dog_walker}[street]</arg>
<tag>Assertion</tag>
<tag>Getter</tag>
<tag>PageContent</tag>
<doc>Returns the ``property`` of the element found by ``selector``.</doc>
<status status="PASS" start="2024-06-25T13:49:26.719041" elapsed="0.379637"/>
</kw>
<kw name="Get Property" owner="Browser">
<msg time="2024-06-25T13:49:27.117360" level="INFO">Property: 'Jardim São Paulo'</msg>
<arg>css=input[name=addressDistrict]</arg>
<arg>value</arg>
<arg>equal</arg>
<arg>${dog_walker}[district]</arg>
<tag>Assertion</tag>
<tag>Getter</tag>
<tag>PageContent</tag>
<doc>Returns the ``property`` of the element found by ``selector``.</doc>
<status status="PASS" start="2024-06-25T13:49:27.098678" elapsed="0.018682"/>
</kw>
<kw name="Get Property" owner="Browser">
<msg time="2024-06-25T13:49:27.134413" level="INFO">Property: 'Recife/PE'</msg>
<arg>css=input[name=addressCityUf]</arg>
<arg>value</arg>
<arg>equal</arg>
<arg>${dog_walker}[cityUf]</arg>
<tag>Assertion</tag>
<tag>Getter</tag>
<tag>PageContent</tag>
<doc>Returns the ``property`` of the element found by ``selector``.</doc>
<status status="PASS" start="2024-06-25T13:49:27.117360" elapsed="0.017053"/>
</kw>
<kw name="Fill Text" owner="Browser">
<msg time="2024-06-25T13:49:27.134413" level="INFO">Fills the text '207' in the given field.</msg>
<arg>css=input[name=addressNumber]</arg>
<arg>${dog_walker}[number]</arg>
<tag>PageContent</tag>
<tag>Setter</tag>
<doc>Clears and fills the given ``txt`` into the text field found by ``selector``.</doc>
<status status="PASS" start="2024-06-25T13:49:27.134413" elapsed="0.031717"/>
</kw>
<kw name="Fill Text" owner="Browser">
<msg time="2024-06-25T13:49:27.167131" level="INFO">Fills the text 'casa b' in the given field.</msg>
<arg>css=input[name=addressDetails]</arg>
<arg>${dog_walker}[details]</arg>
<tag>PageContent</tag>
<tag>Setter</tag>
<doc>Clears and fills the given ``txt`` into the text field found by ``selector``.</doc>
<status status="PASS" start="2024-06-25T13:49:27.166130" elapsed="0.003957"/>
</kw>
<kw name="Upload File By Selector" owner="Browser">
<arg>css=input[type=file]</arg>
<arg>${EXECDIR}/resources/fixtures/${dog_walker}[cnh]</arg>
<tag>PageContent</tag>
<tag>Setter</tag>
<doc>Uploads file from `path` to file input element matched by selector.</doc>
<status status="PASS" start="2024-06-25T13:49:27.170087" elapsed="0.037079"/>
</kw>
<arg>${dog_walker}</arg>
<status status="PASS" start="2024-06-25T13:49:26.539535" elapsed="0.667631"/>
</kw>
<kw name="Submit signup form" owner="signup">
<kw name="Click" owner="Browser">
<msg time="2024-06-25T13:49:27.207166" level="INFO">Clicks the element 'css=.button-register'.</msg>
<arg>css=.button-register</arg>
<tag>PageContent</tag>
<tag>Setter</tag>
<doc>Simulates mouse click on the element found by ``selector``.</doc>
<status status="PASS" start="2024-06-25T13:49:27.207166" elapsed="0.062059"/>
</kw>
<status status="PASS" start="2024-06-25T13:49:27.207166" elapsed="0.063057"/>
</kw>
<kw name="Popup should be" owner="signup">
<kw name="Wait For Elements State" owner="Browser">
<msg time="2024-06-25T13:49:28.118669" level="INFO">Waited for Element with selector css=.swal2-html-container at state visible</msg>
<arg>css=.swal2-html-container</arg>
<arg>visible</arg>
<arg>3</arg>
<tag>PageContent</tag>
<tag>Wait</tag>
<doc>Waits for the element found by ``selector`` to satisfy state option.</doc>
<status status="PASS" start="2024-06-25T13:49:27.272222" elapsed="0.846447"/>
</kw>
<kw name="Get Text" owner="Browser">
<msg time="2024-06-25T13:49:28.160175" level="INFO">Text: 'Recebemos o seu cadastro e em breve retornaremos o contato.'</msg>
<arg>css=.swal2-html-container</arg>
<arg>equal</arg>
<arg>${expected_text}</arg>
<tag>Assertion</tag>
<tag>Getter</tag>
<tag>PageContent</tag>
<doc>Returns text attribute of the element found by ``selector``.</doc>
<status status="PASS" start="2024-06-25T13:49:28.118669" elapsed="0.041506"/>
</kw>
<arg>Recebemos o seu cadastro e em breve retornaremos o contato.</arg>
<status status="PASS" start="2024-06-25T13:49:27.271223" elapsed="0.888952"/>
</kw>
<kw name="Finish session" owner="base" type="TEARDOWN">
<kw name="Take Screenshot" owner="Browser">
<msg time="2024-06-25T13:49:28.457634" level="INFO" html="true">&lt;/td&gt;&lt;/tr&gt;&lt;tr&gt;&lt;td colspan="3"&gt;&lt;a href="browser/screenshot/robotframework-browser-screenshot-1.png" target="_blank"&gt;&lt;img src="browser/screenshot/robotframework-browser-screenshot-1.png" width="800px"/&gt;&lt;/a&gt;</msg>
<arg>fullPage=True</arg>
<tag>PageContent</tag>
<doc>Takes a screenshot of the current window or element and saves it to disk.</doc>
<status status="PASS" start="2024-06-25T13:49:28.160175" elapsed="0.297459"/>
</kw>
<status status="PASS" start="2024-06-25T13:49:28.160175" elapsed="0.297459"/>
</kw>
<tag>smoke</tag>
<status status="PASS" start="2024-06-25T13:49:21.616492" elapsed="6.841142"/>
</test>
<test id="s1-t2" name="Não Deve poder cadastrar com CPF inválido" line="34">
<kw name="Start session" owner="base" type="SETUP">
<kw name="New Browser" owner="Browser">
<msg time="2024-06-25T13:49:28.650898" level="INFO">Switching browser to browser=83312f07-958d-43b3-9d62-bed742402fc9</msg>
<msg time="2024-06-25T13:49:28.652937" level="INFO">Successfully changed active browser: browser=83312f07-958d-43b3-9d62-bed742402fc9</msg>
<msg time="2024-06-25T13:49:28.652937" level="INFO">Reusing existing browser with id: browser=83312f07-958d-43b3-9d62-bed742402fc9</msg>
<arg>browser=${BROWSER}</arg>
<arg>headless=False</arg>
<tag>BrowserControl</tag>
<tag>Setter</tag>
<doc>Create a new playwright Browser with specified options.</doc>
<status status="PASS" start="2024-06-25T13:49:28.650898" elapsed="0.002039"/>
</kw>
<kw name="New Page" owner="Browser">
<msg time="2024-06-25T13:49:30.131012" level="INFO">Keyword 'Take Screenshot  fail-screenshot-{index}' could not be run on failure:
Error: Tried to take screenshot, but no page was open.</msg>
<msg time="2024-06-25T13:49:30.131012" level="INFO">See also file:///C:/QAX/Projects/Walkdog-robot/logs/playwright-log.txt for additional details.</msg>
<msg time="2024-06-25T13:49:30.131012" level="FAIL">Error: page.goto: Target page, context or browser has been closed
Call log:
  [2m- navigating to "https://walkdog.vercel.app/", waiting until "load"[22m
</msg>
<arg>https://walkdog.vercel.app</arg>
<tag>BrowserControl</tag>
<tag>Setter</tag>
<doc>Open a new Page.</doc>
<status status="FAIL" start="2024-06-25T13:49:28.652937" elapsed="1.660660">Error: page.goto: Target page, context or browser has been closed
Call log:
  [2m- navigating to "https://walkdog.vercel.app/", waiting until "load"[22m
</status>
</kw>
<kw name="Wait For Elements State" owner="Browser">
<arg>css=h1 &gt;&gt; text=Cuidado e diversão em cada passo</arg>
<arg>visible</arg>
<arg>6</arg>
<tag>PageContent</tag>
<tag>Wait</tag>
<doc>Waits for the element found by ``selector`` to satisfy state option.</doc>
<status status="NOT RUN" start="2024-06-25T13:49:30.313597" elapsed="0.000000"/>
</kw>
<status status="FAIL" start="2024-06-25T13:49:28.649448" elapsed="1.664149">Error: page.goto: Target page, context or browser has been closed
Call log:
  [2m- navigating to "https://walkdog.vercel.app/", waiting until "load"[22m
</status>
</kw>
<kw name="Finish session" owner="base" type="TEARDOWN">
<kw name="Take Screenshot" owner="Browser">
<msg time="2024-06-25T13:49:30.397839" level="INFO">Keyword 'Take Screenshot  fail-screenshot-{index}' could not be run on failure:
Error: Tried to take screenshot, but no page was open.</msg>
<msg time="2024-06-25T13:49:30.398866" level="INFO">See also file:///C:/QAX/Projects/Walkdog-robot/logs/playwright-log.txt for additional details.</msg>
<msg time="2024-06-25T13:49:30.398866" level="FAIL">Error: Tried to take screenshot, but no page was open.</msg>
<arg>fullPage=True</arg>
<tag>PageContent</tag>
<doc>Takes a screenshot of the current window or element and saves it to disk.</doc>
<status status="FAIL" start="2024-06-25T13:49:30.313597" elapsed="0.102868">Error: Tried to take screenshot, but no page was open.</status>
</kw>
<status status="FAIL" start="2024-06-25T13:49:30.313597" elapsed="0.102868">Error: Tried to take screenshot, but no page was open.</status>
</kw>
<tag>cpf_inv</tag>
<status status="FAIL" start="2024-06-25T13:49:28.636754" elapsed="1.779711">Setup failed:
Error: page.goto: Target page, context or browser has been closed
Call log:
  [2m- navigating to "https://walkdog.vercel.app/", waiting until "load"[22m


Also teardown failed:
Error: Tried to take screenshot, but no page was open.</status>
</test>
<test id="s1-t3" name="NÃO Deve poder cadastrar se campos obrigatórios nao forem preenchidos" line="55">
<kw name="Start session" owner="base" type="SETUP">
<kw name="New Browser" owner="Browser">
<msg time="2024-06-25T13:49:30.455707" level="INFO">Switching browser to browser=83312f07-958d-43b3-9d62-bed742402fc9</msg>
<msg time="2024-06-25T13:49:30.455707" level="INFO">Successfully changed active browser: browser=83312f07-958d-43b3-9d62-bed742402fc9</msg>
<msg time="2024-06-25T13:49:30.455707" level="INFO">Reusing existing browser with id: browser=83312f07-958d-43b3-9d62-bed742402fc9</msg>
<arg>browser=${BROWSER}</arg>
<arg>headless=False</arg>
<tag>BrowserControl</tag>
<tag>Setter</tag>
<doc>Create a new playwright Browser with specified options.</doc>
<status status="PASS" start="2024-06-25T13:49:30.455707" elapsed="0.000000"/>
</kw>
<kw name="New Page" owner="Browser">
<msg time="2024-06-25T13:49:31.983727" level="INFO">Keyword 'Take Screenshot  fail-screenshot-{index}' could not be run on failure:
Error: Tried to take screenshot, but no page was open.</msg>
<msg time="2024-06-25T13:49:31.983727" level="INFO">See also file:///C:/QAX/Projects/Walkdog-robot/logs/playwright-log.txt for additional details.</msg>
<msg time="2024-06-25T13:49:31.983727" level="FAIL">Error: page.goto: Target page, context or browser has been closed
Call log:
  [2m- navigating to "https://walkdog.vercel.app/", waiting until "load"[22m
</msg>
<arg>https://walkdog.vercel.app</arg>
<tag>BrowserControl</tag>
<tag>Setter</tag>
<doc>Open a new Page.</doc>
<status status="FAIL" start="2024-06-25T13:49:30.455707" elapsed="1.528020">Error: page.goto: Target page, context or browser has been closed
Call log:
  [2m- navigating to "https://walkdog.vercel.app/", waiting until "load"[22m
</status>
</kw>
<kw name="Wait For Elements State" owner="Browser">
<arg>css=h1 &gt;&gt; text=Cuidado e diversão em cada passo</arg>
<arg>visible</arg>
<arg>6</arg>
<tag>PageContent</tag>
<tag>Wait</tag>
<doc>Waits for the element found by ``selector`` to satisfy state option.</doc>
<status status="NOT RUN" start="2024-06-25T13:49:31.983727" elapsed="0.000000"/>
</kw>
<status status="FAIL" start="2024-06-25T13:49:30.455707" elapsed="1.528020">Error: page.goto: Target page, context or browser has been closed
Call log:
  [2m- navigating to "https://walkdog.vercel.app/", waiting until "load"[22m
</status>
</kw>
<kw name="Finish session" owner="base" type="TEARDOWN">
<kw name="Take Screenshot" owner="Browser">
<msg time="2024-06-25T13:49:32.036785" level="INFO">Keyword 'Take Screenshot  fail-screenshot-{index}' could not be run on failure:
Error: Tried to take screenshot, but no page was open.</msg>
<msg time="2024-06-25T13:49:32.036785" level="INFO">See also file:///C:/QAX/Projects/Walkdog-robot/logs/playwright-log.txt for additional details.</msg>
<msg time="2024-06-25T13:49:32.036785" level="FAIL">Error: Tried to take screenshot, but no page was open.</msg>
<arg>fullPage=True</arg>
<tag>PageContent</tag>
<doc>Takes a screenshot of the current window or element and saves it to disk.</doc>
<status status="FAIL" start="2024-06-25T13:49:31.983727" elapsed="0.053058">Error: Tried to take screenshot, but no page was open.</status>
</kw>
<status status="FAIL" start="2024-06-25T13:49:31.983727" elapsed="0.053058">Error: Tried to take screenshot, but no page was open.</status>
</kw>
<tag>required</tag>
<status status="FAIL" start="2024-06-25T13:49:30.454652" elapsed="1.582133">Setup failed:
Error: page.goto: Target page, context or browser has been closed
Call log:
  [2m- navigating to "https://walkdog.vercel.app/", waiting until "load"[22m


Also teardown failed:
Error: Tried to take screenshot, but no page was open.</status>
</test>
<test id="s1-t4" name="Deve poder cadastrar um novo dog walker que sabe cuidar de pets" line="67">
<kw name="Start session" owner="base" type="SETUP">
<kw name="New Browser" owner="Browser">
<msg time="2024-06-25T13:49:32.127125" level="INFO">Switching browser to browser=83312f07-958d-43b3-9d62-bed742402fc9</msg>
<msg time="2024-06-25T13:49:32.130665" level="INFO">Successfully changed active browser: browser=83312f07-958d-43b3-9d62-bed742402fc9</msg>
<msg time="2024-06-25T13:49:32.130665" level="INFO">Reusing existing browser with id: browser=83312f07-958d-43b3-9d62-bed742402fc9</msg>
<arg>browser=${BROWSER}</arg>
<arg>headless=False</arg>
<tag>BrowserControl</tag>
<tag>Setter</tag>
<doc>Create a new playwright Browser with specified options.</doc>
<status status="PASS" start="2024-06-25T13:49:32.127125" elapsed="0.003540"/>
</kw>
<kw name="New Page" owner="Browser">
<msg time="2024-06-25T13:49:33.563153" level="INFO">Successfully initialized new page object and opened url: https://walkdog.vercel.app</msg>
<msg time="2024-06-25T13:49:33.563153" level="INFO">No context was open. New context was automatically opened when this page is created.</msg>
<arg>https://walkdog.vercel.app</arg>
<tag>BrowserControl</tag>
<tag>Setter</tag>
<doc>Open a new Page.</doc>
<status status="PASS" start="2024-06-25T13:49:32.131771" elapsed="1.431382"/>
</kw>
<kw name="Wait For Elements State" owner="Browser">
<msg time="2024-06-25T13:49:33.589905" level="INFO">Waited for Element with selector css=h1 &gt;&gt; text=Cuidado e diversão em cada passo at state visible</msg>
<arg>css=h1 &gt;&gt; text=Cuidado e diversão em cada passo</arg>
<arg>visible</arg>
<arg>6</arg>
<tag>PageContent</tag>
<tag>Wait</tag>
<doc>Waits for the element found by ``selector`` to satisfy state option.</doc>
<status status="PASS" start="2024-06-25T13:49:33.563153" elapsed="0.035359"/>
</kw>
<status status="PASS" start="2024-06-25T13:49:32.127125" elapsed="1.471387"/>
</kw>
<kw name="Create Dictionary" owner="BuiltIn">
<msg time="2024-06-25T13:49:33.600548" level="INFO">${dog_walker} = {'name': 'Vanessa Lima', 'email': 'v2125669@gmail.com', 'cpf': '58326597082', 'cep': '50920300', 'street': 'Rua Domélia', 'district': 'Jardim São Paulo', 'cityUf': 'Recife/PE', 'number': '207', 'detai...</msg>
<var>${dog_walker}</var>
<arg>name=Vanessa Lima</arg>
<arg>email=v2125669@gmail.com</arg>
<arg>cpf=58326597082</arg>
<arg>cep=50920300</arg>
<arg>street=Rua Domélia</arg>
<arg>district=Jardim São Paulo</arg>
<arg>cityUf=Recife/PE</arg>
<arg>number=207</arg>
<arg>details=casa b</arg>
<arg>cnh=toretto.jpg</arg>
<doc>Creates and returns a dictionary based on the given ``items``.</doc>
<status status="PASS" start="2024-06-25T13:49:33.600548" elapsed="0.000000"/>
</kw>
<kw name="Go to signup Page" owner="signup">
<kw name="Click" owner="Browser">
<msg time="2024-06-25T13:49:33.601554" level="INFO">Clicks the element 'css=a[href="/signup"]'.</msg>
<arg>css=a[href="/signup"]</arg>
<tag>PageContent</tag>
<tag>Setter</tag>
<doc>Simulates mouse click on the element found by ``selector``.</doc>
<status status="PASS" start="2024-06-25T13:49:33.601554" elapsed="0.102554"/>
</kw>
<kw name="Wait For Elements State" owner="Browser">
<msg time="2024-06-25T13:49:33.715145" level="INFO">Waited for Element with selector form h1 at state visible</msg>
<arg>form h1</arg>
<arg>visible</arg>
<arg>5000</arg>
<tag>PageContent</tag>
<tag>Wait</tag>
<doc>Waits for the element found by ``selector`` to satisfy state option.</doc>
<status status="PASS" start="2024-06-25T13:49:33.705347" elapsed="0.009798"/>
</kw>
<kw name="Get Text" owner="Browser">
<msg time="2024-06-25T13:49:33.732532" level="INFO">Text: 'Faça seu cadastro'</msg>
<arg>form h1</arg>
<arg>equal</arg>
<arg>Faça seu cadastro</arg>
<tag>Assertion</tag>
<tag>Getter</tag>
<tag>PageContent</tag>
<doc>Returns text attribute of the element found by ``selector``.</doc>
<status status="PASS" start="2024-06-25T13:49:33.715145" elapsed="0.017387"/>
</kw>
<status status="PASS" start="2024-06-25T13:49:33.601554" elapsed="0.130978"/>
</kw>
<kw name="Fill signup form" owner="signup">
<kw name="Fill Text" owner="Browser">
<msg time="2024-06-25T13:49:33.732532" level="INFO">Fills the text 'Vanessa Lima' in the given field.</msg>
<arg>css=input[name=name]</arg>
<arg>${dog_walker}[name]</arg>
<tag>PageContent</tag>
<tag>Setter</tag>
<doc>Clears and fills the given ``txt`` into the text field found by ``selector``.</doc>
<status status="PASS" start="2024-06-25T13:49:33.732532" elapsed="0.026664"/>
</kw>
<kw name="Fill Text" owner="Browser">
<msg time="2024-06-25T13:49:33.759745" level="INFO">Fills the text 'v2125669@gmail.com' in the given field.</msg>
<arg>css=input[placeholder$=mail]</arg>
<arg>${dog_walker}[email]</arg>
<tag>PageContent</tag>
<tag>Setter</tag>
<doc>Clears and fills the given ``txt`` into the text field found by ``selector``.</doc>
<status status="PASS" start="2024-06-25T13:49:33.759745" elapsed="0.037968"/>
</kw>
<kw name="Fill Text" owner="Browser">
<msg time="2024-06-25T13:49:33.798391" level="INFO">Fills the text '58326597082' in the given field.</msg>
<arg>css=input[name=cpf]</arg>
<arg>${dog_walker}[cpf]</arg>
<tag>PageContent</tag>
<tag>Setter</tag>
<doc>Clears and fills the given ``txt`` into the text field found by ``selector``.</doc>
<status status="PASS" start="2024-06-25T13:49:33.798391" elapsed="0.022021"/>
</kw>
<kw name="Fill Text" owner="Browser">
<msg time="2024-06-25T13:49:33.820412" level="INFO">Fills the text '50920300' in the given field.</msg>
<arg>css=input[name=cep]</arg>
<arg>${dog_walker}[cep]</arg>
<tag>PageContent</tag>
<tag>Setter</tag>
<doc>Clears and fills the given ``txt`` into the text field found by ``selector``.</doc>
<status status="PASS" start="2024-06-25T13:49:33.820412" elapsed="0.014457"/>
</kw>
<kw name="Click" owner="Browser">
<msg time="2024-06-25T13:49:33.834869" level="INFO">Clicks the element 'css=input[type=button][value$=CEP]'.</msg>
<arg>css=input[type=button][value$=CEP]</arg>
<tag>PageContent</tag>
<tag>Setter</tag>
<doc>Simulates mouse click on the element found by ``selector``.</doc>
<status status="PASS" start="2024-06-25T13:49:33.834869" elapsed="0.046116"/>
</kw>
<kw name="Get Property" owner="Browser">
<msg time="2024-06-25T13:49:34.242850" level="INFO">Property: 'Rua Domélia'</msg>
<arg>css=input[name=addressStreet]</arg>
<arg>value</arg>
<arg>equal</arg>
<arg>${dog_walker}[street]</arg>
<tag>Assertion</tag>
<tag>Getter</tag>
<tag>PageContent</tag>
<doc>Returns the ``property`` of the element found by ``selector``.</doc>
<status status="PASS" start="2024-06-25T13:49:33.880985" elapsed="0.361865"/>
</kw>
<kw name="Get Property" owner="Browser">
<msg time="2024-06-25T13:49:34.263970" level="INFO">Property: 'Jardim São Paulo'</msg>
<arg>css=input[name=addressDistrict]</arg>
<arg>value</arg>
<arg>equal</arg>
<arg>${dog_walker}[district]</arg>
<tag>Assertion</tag>
<tag>Getter</tag>
<tag>PageContent</tag>
<doc>Returns the ``property`` of the element found by ``selector``.</doc>
<status status="PASS" start="2024-06-25T13:49:34.248616" elapsed="0.015354"/>
</kw>
<kw name="Get Property" owner="Browser">
<msg time="2024-06-25T13:49:34.279787" level="INFO">Property: 'Recife/PE'</msg>
<arg>css=input[name=addressCityUf]</arg>
<arg>value</arg>
<arg>equal</arg>
<arg>${dog_walker}[cityUf]</arg>
<tag>Assertion</tag>
<tag>Getter</tag>
<tag>PageContent</tag>
<doc>Returns the ``property`` of the element found by ``selector``.</doc>
<status status="PASS" start="2024-06-25T13:49:34.263970" elapsed="0.015817"/>
</kw>
<kw name="Fill Text" owner="Browser">
<msg time="2024-06-25T13:49:34.280864" level="INFO">Fills the text '207' in the given field.</msg>
<arg>css=input[name=addressNumber]</arg>
<arg>${dog_walker}[number]</arg>
<tag>PageContent</tag>
<tag>Setter</tag>
<doc>Clears and fills the given ``txt`` into the text field found by ``selector``.</doc>
<status status="PASS" start="2024-06-25T13:49:34.279787" elapsed="0.024968"/>
</kw>
<kw name="Fill Text" owner="Browser">
<msg time="2024-06-25T13:49:34.304755" level="INFO">Fills the text 'casa b' in the given field.</msg>
<arg>css=input[name=addressDetails]</arg>
<arg>${dog_walker}[details]</arg>
<tag>PageContent</tag>
<tag>Setter</tag>
<doc>Clears and fills the given ``txt`` into the text field found by ``selector``.</doc>
<status status="PASS" start="2024-06-25T13:49:34.304755" elapsed="0.029912"/>
</kw>
<kw name="Upload File By Selector" owner="Browser">
<arg>css=input[type=file]</arg>
<arg>${EXECDIR}/resources/fixtures/${dog_walker}[cnh]</arg>
<tag>PageContent</tag>
<tag>Setter</tag>
<doc>Uploads file from `path` to file input element matched by selector.</doc>
<status status="PASS" start="2024-06-25T13:49:34.335029" elapsed="0.028779"/>
</kw>
<arg>${dog_walker}</arg>
<status status="PASS" start="2024-06-25T13:49:33.732532" elapsed="0.631276"/>
</kw>
<kw name="Additional service" owner="signup">
<kw name="Click" owner="Browser">
<msg time="2024-06-25T13:49:34.365994" level="INFO">Clicks the element 'xpath=//span[text()="Cuidar"]/..'.</msg>
<arg>xpath=//span[text()="${additional_service}"]/..</arg>
<tag>PageContent</tag>
<tag>Setter</tag>
<doc>Simulates mouse click on the element found by ``selector``.</doc>
<status status="PASS" start="2024-06-25T13:49:34.365994" elapsed="0.059109"/>
</kw>
<arg>Cuidar</arg>
<status status="PASS" start="2024-06-25T13:49:34.364992" elapsed="0.060111"/>
</kw>
<kw name="Submit signup form" owner="signup">
<kw name="Click" owner="Browser">
<msg time="2024-06-25T13:49:34.427103" level="INFO">Clicks the element 'css=.button-register'.</msg>
<arg>css=.button-register</arg>
<tag>PageContent</tag>
<tag>Setter</tag>
<doc>Simulates mouse click on the element found by ``selector``.</doc>
<status status="PASS" start="2024-06-25T13:49:34.426103" elapsed="0.065606"/>
</kw>
<status status="PASS" start="2024-06-25T13:49:34.426103" elapsed="0.065606"/>
</kw>
<kw name="Popup should be" owner="signup">
<kw name="Wait For Elements State" owner="Browser">
<msg time="2024-06-25T13:49:35.333012" level="INFO">Waited for Element with selector css=.swal2-html-container at state visible</msg>
<arg>css=.swal2-html-container</arg>
<arg>visible</arg>
<arg>3</arg>
<tag>PageContent</tag>
<tag>Wait</tag>
<doc>Waits for the element found by ``selector`` to satisfy state option.</doc>
<status status="PASS" start="2024-06-25T13:49:34.498465" elapsed="0.834547"/>
</kw>
<kw name="Get Text" owner="Browser">
<msg time="2024-06-25T13:49:35.365158" level="INFO">Text: 'Recebemos o seu cadastro e em breve retornaremos o contato.'</msg>
<arg>css=.swal2-html-container</arg>
<arg>equal</arg>
<arg>${expected_text}</arg>
<tag>Assertion</tag>
<tag>Getter</tag>
<tag>PageContent</tag>
<doc>Returns text attribute of the element found by ``selector``.</doc>
<status status="PASS" start="2024-06-25T13:49:35.333012" elapsed="0.032146"/>
</kw>
<arg>Recebemos o seu cadastro e em breve retornaremos o contato.</arg>
<status status="PASS" start="2024-06-25T13:49:34.491709" elapsed="0.873449"/>
</kw>
<kw name="Finish session" owner="base" type="TEARDOWN">
<kw name="Take Screenshot" owner="Browser">
<msg time="2024-06-25T13:49:35.595768" level="INFO" html="true">&lt;/td&gt;&lt;/tr&gt;&lt;tr&gt;&lt;td colspan="3"&gt;&lt;a href="browser/screenshot/robotframework-browser-screenshot-2.png" target="_blank"&gt;&lt;img src="browser/screenshot/robotframework-browser-screenshot-2.png" width="800px"/&gt;&lt;/a&gt;</msg>
<arg>fullPage=True</arg>
<tag>PageContent</tag>
<doc>Takes a screenshot of the current window or element and saves it to disk.</doc>
<status status="PASS" start="2024-06-25T13:49:35.366161" elapsed="0.229607"/>
</kw>
<status status="PASS" start="2024-06-25T13:49:35.366161" elapsed="0.229607"/>
</kw>
<tag>aservice</tag>
<status status="PASS" start="2024-06-25T13:49:32.121310" elapsed="3.474458"/>
</test>
<test id="s1-t5" name="Deve poder cadastrar um novo dog walker que sabe Adestrar de pets" line="89">
<kw name="Start session" owner="base" type="SETUP">
<kw name="New Browser" owner="Browser">
<msg time="2024-06-25T13:49:35.737234" level="INFO">Switching browser to browser=83312f07-958d-43b3-9d62-bed742402fc9</msg>
<msg time="2024-06-25T13:49:35.739918" level="INFO">Successfully changed active browser: browser=83312f07-958d-43b3-9d62-bed742402fc9</msg>
<msg time="2024-06-25T13:49:35.740954" level="INFO">Reusing existing browser with id: browser=83312f07-958d-43b3-9d62-bed742402fc9</msg>
<arg>browser=${BROWSER}</arg>
<arg>headless=False</arg>
<tag>BrowserControl</tag>
<tag>Setter</tag>
<doc>Create a new playwright Browser with specified options.</doc>
<status status="PASS" start="2024-06-25T13:49:35.735172" elapsed="0.005782"/>
</kw>
<kw name="New Page" owner="Browser">
<msg time="2024-06-25T13:49:37.347447" level="INFO">Keyword 'Take Screenshot  fail-screenshot-{index}' could not be run on failure:
Error: Tried to take screenshot, but no page was open.</msg>
<msg time="2024-06-25T13:49:37.347447" level="INFO">See also file:///C:/QAX/Projects/Walkdog-robot/logs/playwright-log.txt for additional details.</msg>
<msg time="2024-06-25T13:49:37.348313" level="FAIL">Error: page.goto: Target page, context or browser has been closed
Call log:
  [2m- navigating to "https://walkdog.vercel.app/", waiting until "load"[22m
</msg>
<arg>https://walkdog.vercel.app</arg>
<tag>BrowserControl</tag>
<tag>Setter</tag>
<doc>Open a new Page.</doc>
<status status="FAIL" start="2024-06-25T13:49:35.740954" elapsed="1.607359">Error: page.goto: Target page, context or browser has been closed
Call log:
  [2m- navigating to "https://walkdog.vercel.app/", waiting until "load"[22m
</status>
</kw>
<kw name="Wait For Elements State" owner="Browser">
<arg>css=h1 &gt;&gt; text=Cuidado e diversão em cada passo</arg>
<arg>visible</arg>
<arg>6</arg>
<tag>PageContent</tag>
<tag>Wait</tag>
<doc>Waits for the element found by ``selector`` to satisfy state option.</doc>
<status status="NOT RUN" start="2024-06-25T13:49:37.348313" elapsed="0.000000"/>
</kw>
<status status="FAIL" start="2024-06-25T13:49:35.734169" elapsed="1.614144">Error: page.goto: Target page, context or browser has been closed
Call log:
  [2m- navigating to "https://walkdog.vercel.app/", waiting until "load"[22m
</status>
</kw>
<kw name="Finish session" owner="base" type="TEARDOWN">
<kw name="Take Screenshot" owner="Browser">
<msg time="2024-06-25T13:49:37.416122" level="INFO">Keyword 'Take Screenshot  fail-screenshot-{index}' could not be run on failure:
Error: Tried to take screenshot, but no page was open.</msg>
<msg time="2024-06-25T13:49:37.416122" level="INFO">See also file:///C:/QAX/Projects/Walkdog-robot/logs/playwright-log.txt for additional details.</msg>
<msg time="2024-06-25T13:49:37.416122" level="FAIL">Error: Tried to take screenshot, but no page was open.</msg>
<arg>fullPage=True</arg>
<tag>PageContent</tag>
<doc>Takes a screenshot of the current window or element and saves it to disk.</doc>
<status status="FAIL" start="2024-06-25T13:49:37.348313" elapsed="0.067809">Error: Tried to take screenshot, but no page was open.</status>
</kw>
<status status="FAIL" start="2024-06-25T13:49:37.348313" elapsed="0.067809">Error: Tried to take screenshot, but no page was open.</status>
</kw>
<tag>aservice</tag>
<status status="FAIL" start="2024-06-25T13:49:35.725668" elapsed="1.690454">Setup failed:
Error: page.goto: Target page, context or browser has been closed
Call log:
  [2m- navigating to "https://walkdog.vercel.app/", waiting until "load"[22m


Also teardown failed:
Error: Tried to take screenshot, but no page was open.</status>
</test>
<doc>Suite de teste de cadastro de dog walker</doc>
<status status="FAIL" start="2024-06-25T13:49:18.860883" elapsed="18.587520"/>
</suite>
<statistics>
<total>
<stat pass="2" fail="3" skip="0">All Tests</stat>
</total>
<tag>
<stat pass="1" fail="1" skip="0">aservice</stat>
<stat pass="0" fail="1" skip="0">cpf_inv</stat>
<stat pass="0" fail="1" skip="0">required</stat>
<stat pass="1" fail="0" skip="0">smoke</stat>
</tag>
<suite>
<stat pass="2" fail="3" skip="0" id="s1" name="Signup">Signup</stat>
</suite>
</statistics>
<errors>
</errors>
</robot>
